android/app/build/intermediates/manifest_merge_blame_file/release/manifest-merger-blame-release-report.txt
1<?xml version="1.0" encoding="utf-8"?>
2<manifest xmlns:android="http://schemas.android.com/apk/res/android"
3    package="com.calculator"
4    android:versionCode="1"
5    android:versionName="1.0" >
6
7    <uses-sdk
8        android:minSdkVersion="21"
8-->src/main/AndroidManifest.xml
9        android:targetSdkVersion="30" />
9-->src/main/AndroidManifest.xml
10
11    <uses-permission android:name="android.permission.INTERNET" />
11-->src/main/AndroidManifest.xml:3:3-64
11-->src/main/AndroidManifest.xml:3:20-62
12    <!-- OPTIONAL PERMISSIONS, REMOVE WHATEVER YOU DO NOT NEED -->
13    <uses-permission android:name="android.permission.SYSTEM_ALERT_WINDOW" />
13-->src/main/AndroidManifest.xml:5:3-75
13-->src/main/AndroidManifest.xml:5:20-73
14    <uses-permission android:name="android.permission.VIBRATE" />
14-->src/main/AndroidManifest.xml:6:3-63
14-->src/main/AndroidManifest.xml:6:20-61
15    <!-- These require runtime permissions on M -->
16    <uses-permission android:name="android.permission.READ_EXTERNAL_STORAGE" />
16-->src/main/AndroidManifest.xml:8:3-77
16-->src/main/AndroidManifest.xml:8:20-75
17    <uses-permission android:name="android.permission.WRITE_EXTERNAL_STORAGE" />
17-->src/main/AndroidManifest.xml:9:3-78
17-->src/main/AndroidManifest.xml:9:20-76
18    <uses-permission android:name="android.permission.ACCESS_NETWORK_STATE" />
18-->[:expo-updates] AndroidManifest.xml:11:5-79
18-->[:expo-updates] AndroidManifest.xml:11:22-76
19
20    <queries>
20-->[:expo-file-system] AndroidManifest.xml:16:5-22:15
21
22        <!-- Query open documents -->
23        <intent>
23-->[:expo-file-system] AndroidManifest.xml:19:9-21:18
24            <action android:name="android.intent.action.OPEN_DOCUMENT_TREE" />
24-->[:expo-file-system] AndroidManifest.xml:20:13-79
24-->[:expo-file-system] AndroidManifest.xml:20:21-76
25        </intent>
26    </queries>
27
28    <uses-permission android:name="com.google.android.finsky.permission.BIND_GET_INSTALL_REFERRER_SERVICE" /> <!-- END OPTIONAL PERMISSIONS -->
28-->[com.android.installreferrer:installreferrer:1.0] AndroidManifest.xml:9:5-110
28-->[com.android.installreferrer:installreferrer:1.0] AndroidManifest.xml:9:22-107
29    <application
29-->src/main/AndroidManifest.xml:11:3-36:17
30        android:name="com.calculator.MainApplication"
30-->src/main/AndroidManifest.xml:12:5-36
31        android:allowBackup="false"
31-->src/main/AndroidManifest.xml:16:5-32
32        android:appComponentFactory="androidx.core.app.CoreComponentFactory"
32-->[androidx.core:core:1.3.0] AndroidManifest.xml:24:18-86
33        android:icon="@mipmap/ic_launcher"
33-->src/main/AndroidManifest.xml:14:5-39
34        android:label="@string/app_name"
34-->src/main/AndroidManifest.xml:13:5-37
35        android:roundIcon="@mipmap/ic_launcher_round"
35-->src/main/AndroidManifest.xml:15:5-50
36        android:theme="@style/AppTheme"
36-->src/main/AndroidManifest.xml:17:5-36
37        android:usesCleartextTraffic="true" >
37-->src/main/AndroidManifest.xml:18:5-40
38        <meta-data
38-->src/main/AndroidManifest.xml:20:5-103
39            android:name="expo.modules.updates.EXPO_UPDATE_URL"
39-->src/main/AndroidManifest.xml:20:16-67
40            android:value="YOUR-APP-URL-HERE" />
40-->src/main/AndroidManifest.xml:20:68-101
41        <meta-data
41-->src/main/AndroidManifest.xml:21:5-112
42            android:name="expo.modules.updates.EXPO_SDK_VERSION"
42-->src/main/AndroidManifest.xml:21:16-68
43            android:value="YOUR-APP-SDK-VERSION-HERE" />
43-->src/main/AndroidManifest.xml:21:69-110
44
45        <activity
45-->src/main/AndroidManifest.xml:22:5-34:16
46            android:name="com.calculator.MainActivity"
46-->src/main/AndroidManifest.xml:23:7-35
47            android:configChanges="keyboard|keyboardHidden|orientation|screenSize|uiMode"
47-->src/main/AndroidManifest.xml:25:7-84
48            android:label="@string/app_name"
48-->src/main/AndroidManifest.xml:24:7-39
49            android:launchMode="singleTask"
49-->src/main/AndroidManifest.xml:26:7-38
50            android:theme="@style/Theme.App.SplashScreen"
50-->src/main/AndroidManifest.xml:28:7-52
51            android:windowSoftInputMode="adjustResize" >
51-->src/main/AndroidManifest.xml:27:7-49
52            <intent-filter>
52-->src/main/AndroidManifest.xml:30:7-33:23
53                <action android:name="android.intent.action.MAIN" />
53-->src/main/AndroidManifest.xml:31:9-60
53-->src/main/AndroidManifest.xml:31:17-58
54
55                <category android:name="android.intent.category.LAUNCHER" />
55-->src/main/AndroidManifest.xml:32:9-68
55-->src/main/AndroidManifest.xml:32:19-66
56            </intent-filter>
57        </activity>
58        <activity android:name="com.facebook.react.devsupport.DevSettingsActivity" />
58-->src/main/AndroidManifest.xml:35:5-81
58-->src/main/AndroidManifest.xml:35:15-79
59
60        <meta-data
60-->[:unimodules-react-native-adapter] AndroidManifest.xml:12:9-14:91
61            android:name="org.unimodules.core.AppLoader#react-native-headless"
61-->[:unimodules-react-native-adapter] AndroidManifest.xml:13:13-79
62            android:value="org.unimodules.adapters.react.apploader.RNHeadlessAppLoader" />
62-->[:unimodules-react-native-adapter] AndroidManifest.xml:14:13-88
63
64        <provider
64-->[:expo-file-system] AndroidManifest.xml:25:9-34:20
65            android:name="expo.modules.filesystem.FileSystemFileProvider"
65-->[:expo-file-system] AndroidManifest.xml:26:13-74
66            android:authorities="com.calculator.FileSystemFileProvider"
66-->[:expo-file-system] AndroidManifest.xml:27:13-74
67            android:exported="false"
67-->[:expo-file-system] AndroidManifest.xml:28:13-37
68            android:grantUriPermissions="true" >
68-->[:expo-file-system] AndroidManifest.xml:29:13-47
69            <meta-data
69-->[:expo-file-system] AndroidManifest.xml:31:13-33:70
70                android:name="android.support.FILE_PROVIDER_PATHS"
70-->[:expo-file-system] AndroidManifest.xml:32:17-67
71                android:resource="@xml/file_system_provider_paths" />
71-->[:expo-file-system] AndroidManifest.xml:33:17-67
72        </provider>
73
74        <service
74-->[androidx.room:room-runtime:2.1.0] AndroidManifest.xml:25:9-27:40
75            android:name="androidx.room.MultiInstanceInvalidationService"
75-->[androidx.room:room-runtime:2.1.0] AndroidManifest.xml:26:13-74
76            android:exported="false" />
76-->[androidx.room:room-runtime:2.1.0] AndroidManifest.xml:27:13-37
77    </application>
78
79</manifest>